C:\USERS\KEVIN\DOCUMENTS\VISUAL STUDIO 2013\PROJECTS\DJSCRATCHER\DJSCRATCHER\DEBUG\MAIN.OBJ
C:\USERS\KEVIN\DOCUMENTS\VISUAL STUDIO 2013\PROJECTS\DJSCRATCHER\DJSCRATCHER\DEBUG\PLAYER.OBJ
C:\USERS\KEVIN\DOCUMENTS\VISUAL STUDIO 2013\PROJECTS\DJSCRATCHER\DJSCRATCHER\DEBUG\VC110.PDB
C:\USERS\KEVIN\DOCUMENTS\VISUAL STUDIO 2013\PROJECTS\DJSCRATCHER\DEBUG\DJSCRATCHER.ILK
C:\USERS\KEVIN\DOCUMENTS\VISUAL STUDIO 2013\PROJECTS\DJSCRATCHER\DEBUG\DJSCRATCHER.EXE
C:\USERS\KEVIN\DOCUMENTS\VISUAL STUDIO 2013\PROJECTS\DJSCRATCHER\DEBUG\DJSCRATCHER.PDB
C:\Users\Kevin\Documents\Visual Studio 2013\Projects\DJScratcher\DjScratcher\Debug\main.obj
C:\Users\Kevin\Documents\Visual Studio 2013\Projects\DJScratcher\DjScratcher\Debug\Player.obj
C:\Users\Kevin\Documents\Visual Studio 2013\Projects\DJScratcher\DjScratcher\Debug\cl.command.1.tlog
C:\Users\Kevin\Documents\Visual Studio 2013\Projects\DJScratcher\DjScratcher\Debug\CL.read.1.tlog
C:\Users\Kevin\Documents\Visual Studio 2013\Projects\DJScratcher\DjScratcher\Debug\CL.write.1.tlog
C:\Users\Kevin\Documents\Visual Studio 2013\Projects\DJScratcher\DjScratcher\Debug\link-cvtres.read.1.tlog
C:\Users\Kevin\Documents\Visual Studio 2013\Projects\DJScratcher\DjScratcher\Debug\link-cvtres.write.1.tlog
C:\Users\Kevin\Documents\Visual Studio 2013\Projects\DJScratcher\DjScratcher\Debug\link-rc.read.1.tlog
C:\Users\Kevin\Documents\Visual Studio 2013\Projects\DJScratcher\DjScratcher\Debug\link-rc.write.1.tlog
C:\Users\Kevin\Documents\Visual Studio 2013\Projects\DJScratcher\DjScratcher\Debug\link.command.1.tlog
C:\Users\Kevin\Documents\Visual Studio 2013\Projects\DJScratcher\DjScratcher\Debug\link.read.1.tlog
C:\Users\Kevin\Documents\Visual Studio 2013\Projects\DJScratcher\DjScratcher\Debug\link.write.1.tlog
C:\Users\Kevin\Documents\Visual Studio 2013\Projects\DJScratcher\DjScratcher\Debug\vc110.idb
C:\Users\Kevin\Documents\Visual Studio 2013\Projects\DJScratcher\DjScratcher\Debug\vc110.pdb
C:\Users\Kevin\Documents\Visual Studio 2013\Projects\DJScratcher\Debug\DjScratcher.pdb
C:\Users\Kevin\Documents\Visual Studio 2013\Projects\DJScratcher\Debug\DjScratcher.exe
C:\Users\Kevin\Documents\Visual Studio 2013\Projects\DJScratcher\Debug\DjScratcher.ilk
