Build started 2015-02-12 15:34:29.
     1>Project "C:\Cégep\Nouvelle Techno\DJScratcher\DjScratcher\DjScratcher\DjScratcher.vcxproj" on node 2 (Build target(s)).
     1>ClCompile:
         C:\Program Files (x86)\Microsoft Visual Studio 11.0\VC\bin\CL.exe /c /IC:\TGUI\include /I"C:\SFML-2.2\include" /ZI /nologo /W3 /WX- /Od /Oy- /D _MBCS /Gm /EHsc /RTC1 /MDd /GS /fp:precise /Zc:wchar_t /Zc:forScope /Fo"Debug\\" /Fd"Debug\vc110.pdb" /Gd /TP /analyze- /errorReport:prompt Player.cpp
         Player.cpp
     1>c:\cégep\nouvelle techno\djscratcher\djscratcher\djscratcher\player.cpp(24): warning C4305: 'argument' : truncation from 'double' to 'float'
     1>c:\cégep\nouvelle techno\djscratcher\djscratcher\djscratcher\player.cpp(128): warning C4244: 'argument' : conversion from 'double' to 'float', possible loss of data
     1>c:\cégep\nouvelle techno\djscratcher\djscratcher\djscratcher\player.cpp(136): warning C4244: 'argument' : conversion from 'double' to 'float', possible loss of data
     1>c:\cégep\nouvelle techno\djscratcher\djscratcher\djscratcher\player.cpp(144): warning C4244: 'argument' : conversion from 'double' to 'float', possible loss of data
     1>c:\cégep\nouvelle techno\djscratcher\djscratcher\djscratcher\player.cpp(160): warning C4244: 'argument' : conversion from 'double' to 'float', possible loss of data
     1>c:\cégep\nouvelle techno\djscratcher\djscratcher\djscratcher\player.cpp(168): warning C4244: 'initializing' : conversion from 'double' to 'float', possible loss of data
       Link:
         C:\Program Files (x86)\Microsoft Visual Studio 11.0\VC\bin\link.exe /ERRORREPORT:PROMPT /OUT:"C:\Cégep\Nouvelle Techno\DJScratcher\DjScratcher\Debug\DjScratcher.exe" /INCREMENTAL /NOLOGO /LIBPATH:C:\boost_1_54_0\stage\lib /LIBPATH:"C:\SFML-2.2\lib" /LIBPATH:C:\TGUI\lib "sfml-window-d.lib" "sfml-system-d.lib" "sfml-graphics-d.lib" "tgui-d.lib" fmodex_vc.lib id3lib.lib kernel32.lib user32.lib gdi32.lib winspool.lib comdlg32.lib advapi32.lib shell32.lib ole32.lib oleaut32.lib uuid.lib odbc32.lib odbccp32.lib /MANIFEST /MANIFESTUAC:"level='asInvoker' uiAccess='false'" /manifest:embed /DEBUG /PDB:"C:\Cégep\Nouvelle Techno\DJScratcher\DjScratcher\Debug\DjScratcher.pdb" /TLBID:1 /DYNAMICBASE /NXCOMPAT /IMPLIB:"C:\Cégep\Nouvelle Techno\DJScratcher\DjScratcher\Debug\DjScratcher.lib" /MACHINE:X86 Debug\FileManagement.obj
         Debug\main.obj
         Debug\Player.obj
         Debug\Song.obj
         Debug\UIBuilder.obj
         DjScratcher.vcxproj -> C:\Cégep\Nouvelle Techno\DJScratcher\DjScratcher\Debug\DjScratcher.exe
     1>Done Building Project "C:\Cégep\Nouvelle Techno\DJScratcher\DjScratcher\DjScratcher\DjScratcher.vcxproj" (Build target(s)).

Build succeeded.

Time Elapsed 00:00:03.66
